<?xml version="1.0" encoding="UTF-8"?>
<testsuite xmlns:xsi="http://www.w3.org/2001/XMLSchema-instance" xsi:noNamespaceSchemaLocation="https://maven.apache.org/surefire/maven-surefire-plugin/xsd/surefire-test-report.xsd" version="3.0.2" name="com.hw3.survey_form.SurveyFormApplicationTests" time="6.269" tests="1" errors="0" skipped="0" failures="0">
  <properties>
[...]
</properties>
  <testcase name="contextLoads" classname="com.hw3.survey_form.SurveyFormApplicationTests" time="0.54">
    <system-out><![CDATA[22:08:36.250 [main] INFO org.springframework.test.context.support.AnnotationConfigContextLoaderUtils -- Could not detect default configuration classes for test class [com.hw3.survey_form.SurveyFormApplicationTests]: SurveyFormApplicationTests does not declare any static, non-private, non-final, nested classes annotated with @Configuration.
22:08:36.393 [main] INFO org.springframework.boot.test.context.SpringBootTestContextBootstrapper -- Found @SpringBootConfiguration com.hw3.survey_form.SurveyFormApplication for test class com.hw3.survey_form.SurveyFormApplicationTests

  .   ____          _            __ _ _
 /\\ / ___'_ __ _ _(_)_ __  __ _ \ \ \ \
( ( )\___ | '_ | '_| | '_ \/ _` | \ \ \ \
 \\/  ___)| |_)| | | | | || (_| |  ) ) ) )
  '  |____| .__|_| |_|_| |_\__, | / / / /
 =========|_|==============|___/=/_/_/_/

 :: Spring Boot ::                (v3.4.4)

2025-04-10T22:08:36.907-04:00  INFO 39596 --- [survey-form] [           main] c.h.s.SurveyFormApplicationTests         : Starting SurveyFormApplicationTests using Java 17 with PID 39596 (started by kavya in D:\ClassNotes\645\Assignment3\latest\survey-form\survey-form)
2025-04-10T22:08:36.908-04:00  INFO 39596 --- [survey-form] [           main] c.h.s.SurveyFormApplicationTests         : No active profile set, falling back to 1 default profile: "default"
2025-04-10T22:08:37.665-04:00  INFO 39596 --- [survey-form] [           main] .s.d.r.c.RepositoryConfigurationDelegate : Multiple Spring Data modules found, entering strict repository configuration mode
2025-04-10T22:08:37.668-04:00  INFO 39596 --- [survey-form] [           main] .s.d.r.c.RepositoryConfigurationDelegate : Bootstrapping Spring Data JDBC repositories in DEFAULT mode.
2025-04-10T22:08:37.719-04:00  INFO 39596 --- [survey-form] [           main] .RepositoryConfigurationExtensionSupport : Spring Data JDBC - Could not safely identify store assignment for repository candidate interface com.hw3.survey_form.repository.SurveyRepositoryInterface; If you want this repository to be a JDBC repository, consider annotating your entities with one of these annotations: org.springframework.data.relational.core.mapping.Table.
2025-04-10T22:08:37.720-04:00  INFO 39596 --- [survey-form] [           main] .s.d.r.c.RepositoryConfigurationDelegate : Finished Spring Data repository scanning in 36 ms. Found 0 JDBC repository interfaces.
2025-04-10T22:08:37.737-04:00  INFO 39596 --- [survey-form] [           main] .s.d.r.c.RepositoryConfigurationDelegate : Multiple Spring Data modules found, entering strict repository configuration mode
2025-04-10T22:08:37.739-04:00  INFO 39596 --- [survey-form] [           main] .s.d.r.c.RepositoryConfigurationDelegate : Bootstrapping Spring Data JPA repositories in DEFAULT mode.
2025-04-10T22:08:37.778-04:00  INFO 39596 --- [survey-form] [           main] .s.d.r.c.RepositoryConfigurationDelegate : Finished Spring Data repository scanning in 31 ms. Found 1 JPA repository interface.
2025-04-10T22:08:38.230-04:00  INFO 39596 --- [survey-form] [           main] o.hibernate.jpa.internal.util.LogHelper  : HHH000204: Processing PersistenceUnitInfo [name: default]
2025-04-10T22:08:38.327-04:00  INFO 39596 --- [survey-form] [           main] org.hibernate.Version                    : HHH000412: Hibernate ORM core version 6.6.11.Final
2025-04-10T22:08:38.379-04:00  INFO 39596 --- [survey-form] [           main] o.h.c.internal.RegionFactoryInitiator    : HHH000026: Second-level cache disabled
2025-04-10T22:08:38.778-04:00  INFO 39596 --- [survey-form] [           main] o.s.o.j.p.SpringPersistenceUnitInfo      : No LoadTimeWeaver setup: ignoring JPA class transformer
2025-04-10T22:08:38.816-04:00  INFO 39596 --- [survey-form] [           main] com.zaxxer.hikari.HikariDataSource       : HikariPool-1 - Starting...
2025-04-10T22:08:39.422-04:00  INFO 39596 --- [survey-form] [           main] com.zaxxer.hikari.pool.HikariPool        : HikariPool-1 - Added connection com.mysql.cj.jdbc.ConnectionImpl@4fa91d5b
2025-04-10T22:08:39.426-04:00  INFO 39596 --- [survey-form] [           main] com.zaxxer.hikari.HikariDataSource       : HikariPool-1 - Start completed.
2025-04-10T22:08:39.559-04:00  INFO 39596 --- [survey-form] [           main] org.hibernate.orm.connections.pooling    : HHH10001005: Database info:
	Database JDBC URL [Connecting through datasource 'HikariDataSource (HikariPool-1)']
	Database driver: undefined/unknown
	Database version: 8.0.40
	Autocommit mode: undefined/unknown
	Isolation level: undefined/unknown
	Minimum pool size: undefined/unknown
	Maximum pool size: undefined/unknown
2025-04-10T22:08:40.525-04:00  INFO 39596 --- [survey-form] [           main] o.h.e.t.j.p.i.JtaPlatformInitiator       : HHH000489: No JTA platform available (set 'hibernate.transaction.jta.platform' to enable JTA platform integration)
2025-04-10T22:08:40.628-04:00  INFO 39596 --- [survey-form] [           main] j.LocalContainerEntityManagerFactoryBean : Initialized JPA EntityManagerFactory for persistence unit 'default'
2025-04-10T22:08:41.086-04:00  WARN 39596 --- [survey-form] [           main] JpaBaseConfiguration$JpaWebConfiguration : spring.jpa.open-in-view is enabled by default. Therefore, database queries may be performed during view rendering. Explicitly configure spring.jpa.open-in-view to disable this warning
2025-04-10T22:08:41.758-04:00  INFO 39596 --- [survey-form] [           main] c.h.s.SurveyFormApplicationTests         : Started SurveyFormApplicationTests in 5.158 seconds (process running for 6.304)
]]></system-out>
  </testcase>
</testsuite>